<?xml version="1.0" encoding="UTF-8"?>
<testsuite xmlns:xsi="http://www.w3.org/2001/XMLSchema-instance" xsi:noNamespaceSchemaLocation="https://maven.apache.org/surefire/maven-surefire-plugin/xsd/surefire-test-report.xsd" version="3.0.2" name="com.ARFastCheck.ARFastCheck.ArFastCheckApplicationTests" time="8.317" tests="1" errors="0" skipped="0" failures="0">
  <properties>
[...]
</properties>
  <testcase name="contextLoads" classname="com.ARFastCheck.ARFastCheck.ArFastCheckApplicationTests" time="0.345">
    <system-out><![CDATA[Standard Commons Logging discovery in action with spring-jcl: please remove commons-logging.jar from classpath in order to avoid potential conflicts
23:58:41.358 [main] INFO org.springframework.test.context.support.AnnotationConfigContextLoaderUtils -- Could not detect default configuration classes for test class [com.ARFastCheck.ARFastCheck.ArFastCheckApplicationTests]: ArFastCheckApplicationTests does not declare any static, non-private, non-final, nested classes annotated with @Configuration.
23:58:41.458 [main] INFO org.springframework.boot.test.context.SpringBootTestContextBootstrapper -- Found @SpringBootConfiguration com.ARFastCheck.ARFastCheck.ArFastCheckApplication for test class com.ARFastCheck.ARFastCheck.ArFastCheckApplicationTests

  .   ____          _            __ _ _
 /\\ / ___'_ __ _ _(_)_ __  __ _ \ \ \ \
( ( )\___ | '_ | '_| | '_ \/ _` | \ \ \ \
 \\/  ___)| |_)| | | | | || (_| |  ) ) ) )
  '  |____| .__|_| |_|_| |_\__, | / / / /
 =========|_|==============|___/=/_/_/_/

 :: Spring Boot ::                (v3.5.5)

2025-11-30T23:58:41.911-05:00  INFO 22900 --- [ARFastCheck] [           main] c.A.A.ArFastCheckApplicationTests        : Starting ArFastCheckApplicationTests using Java 22.0.2 with PID 22900 (started by USER in C:\Users\USER\Desktop\ARFastCheck)
2025-11-30T23:58:41.912-05:00  INFO 22900 --- [ARFastCheck] [           main] c.A.A.ArFastCheckApplicationTests        : No active profile set, falling back to 1 default profile: "default"
2025-11-30T23:58:42.532-05:00  INFO 22900 --- [ARFastCheck] [           main] .s.d.r.c.RepositoryConfigurationDelegate : Bootstrapping Spring Data JPA repositories in DEFAULT mode.
2025-11-30T23:58:42.594-05:00  INFO 22900 --- [ARFastCheck] [           main] .s.d.r.c.RepositoryConfigurationDelegate : Finished Spring Data repository scanning in 53 ms. Found 5 JPA repository interfaces.
2025-11-30T23:58:43.102-05:00  INFO 22900 --- [ARFastCheck] [           main] o.hibernate.jpa.internal.util.LogHelper  : HHH000204: Processing PersistenceUnitInfo [name: default]
2025-11-30T23:58:43.180-05:00  INFO 22900 --- [ARFastCheck] [           main] org.hibernate.Version                    : HHH000412: Hibernate ORM core version 6.6.26.Final
2025-11-30T23:58:43.218-05:00  INFO 22900 --- [ARFastCheck] [           main] o.h.c.internal.RegionFactoryInitiator    : HHH000026: Second-level cache disabled
2025-11-30T23:58:43.548-05:00  INFO 22900 --- [ARFastCheck] [           main] o.s.o.j.p.SpringPersistenceUnitInfo      : No LoadTimeWeaver setup: ignoring JPA class transformer
2025-11-30T23:58:43.584-05:00  INFO 22900 --- [ARFastCheck] [           main] com.zaxxer.hikari.HikariDataSource       : HikariPool-1 - Starting...
2025-11-30T23:58:44.778-05:00  INFO 22900 --- [ARFastCheck] [           main] com.zaxxer.hikari.pool.HikariPool        : HikariPool-1 - Added connection org.postgresql.jdbc.PgConnection@69a90b81
2025-11-30T23:58:44.779-05:00  INFO 22900 --- [ARFastCheck] [           main] com.zaxxer.hikari.HikariDataSource       : HikariPool-1 - Start completed.
2025-11-30T23:58:44.908-05:00  WARN 22900 --- [ARFastCheck] [           main] org.hibernate.orm.deprecation            : HHH90000025: PostgreSQLDialect does not need to be specified explicitly using 'hibernate.dialect' (remove the property setting and it will be selected by default)
2025-11-30T23:58:45.209-05:00  INFO 22900 --- [ARFastCheck] [           main] org.hibernate.orm.connections.pooling    : HHH10001005: Database info:
	Database JDBC URL [Connecting through datasource 'HikariDataSource (HikariPool-1)']
	Database driver: undefined/unknown
	Database version: 17.6
	Autocommit mode: undefined/unknown
	Isolation level: undefined/unknown
	Minimum pool size: undefined/unknown
	Maximum pool size: undefined/unknown
2025-11-30T23:58:46.130-05:00  INFO 22900 --- [ARFastCheck] [           main] o.h.e.t.j.p.i.JtaPlatformInitiator       : HHH000489: No JTA platform available (set 'hibernate.transaction.jta.platform' to enable JTA platform integration)
2025-11-30T23:58:48.243-05:00  INFO 22900 --- [ARFastCheck] [           main] j.LocalContainerEntityManagerFactoryBean : Initialized JPA EntityManagerFactory for persistence unit 'default'
[RENIEC] Token cargado (longitud: 41)
2025-11-30T23:58:48.780-05:00  WARN 22900 --- [ARFastCheck] [           main] JpaBaseConfiguration$JpaWebConfiguration : spring.jpa.open-in-view is enabled by default. Therefore, database queries may be performed during view rendering. Explicitly configure spring.jpa.open-in-view to disable this warning
2025-11-30T23:58:49.158-05:00  INFO 22900 --- [ARFastCheck] [           main] c.A.A.ArFastCheckApplicationTests        : Started ArFastCheckApplicationTests in 7.554 seconds (process running for 8.449)
]]></system-out>
    <system-err><![CDATA[Mockito is currently self-attaching to enable the inline-mock-maker. This will no longer work in future releases of the JDK. Please add Mockito as an agent to your build as described in Mockito's documentation: https://javadoc.io/doc/org.mockito/mockito-core/latest/org.mockito/org/mockito/Mockito.html#0.3
WARNING: A Java agent has been loaded dynamically (C:\Users\USER\.m2\repository\net\bytebuddy\byte-buddy-agent\1.17.7\byte-buddy-agent-1.17.7.jar)
WARNING: If a serviceability tool is in use, please run with -XX:+EnableDynamicAgentLoading to hide this warning
WARNING: If a serviceability tool is not in use, please run with -Djdk.instrument.traceUsage for more information
WARNING: Dynamic loading of agents will be disallowed by default in a future release
]]></system-err>
  </testcase>
</testsuite>